#
# There is insufficient memory for the Java Runtime Environment to continue.
# Native memory allocation (malloc) failed to allocate 1749056 bytes for Chunk::new
# Possible reasons:
#   The system is out of physical RAM or swap space
#   In 32 bit mode, the process size limit was hit
# Possible solutions:
#   Reduce memory load on the system
#   Increase physical memory or swap space
#   Check if swap backing store is full
#   Use 64 bit Java on a 64 bit OS
#   Decrease Java heap size (-Xmx/-Xms)
#   Decrease number of Java threads
#   Decrease Java thread stack sizes (-Xss)
#   Set larger code cache with -XX:ReservedCodeCacheSize=
# This output file may be truncated or incomplete.
#
#  Out of Memory Error (allocation.cpp:328), pid=4144, tid=9348
#
# JRE version: 7.0_21-b11
# Java VM: Java HotSpot(TM) 64-Bit Server VM (23.21-b01 mixed mode windows-amd64 compressed oops)
# Failed to write core dump. Minidumps are not enabled by default on client versions of Windows
#

---------------  T H R E A D  ---------------

Current thread (0x0000000008b0a800):  JavaThread "C2 CompilerThread0" daemon [_thread_in_native, id=9348, stack(0x000000000a040000,0x000000000a140000)]

Stack: [0x000000000a040000,0x000000000a140000]

Current CompileTask:
C2:   1934  216             com.android.dx.ssa.SCCP::run (298 bytes)


---------------  P R O C E S S  ---------------

Java Threads: ( => current thread )
  0x000000000a709800 JavaThread "pool-2-thread-1" [_thread_blocked, id=8736, stack(0x000000000a390000,0x000000000a490000)]
  0x000000000a709000 JavaThread "pool-1-thread-1" [_thread_in_Java, id=6524, stack(0x000000000ad40000,0x000000000ae40000)]
  0x0000000008b15800 JavaThread "Service Thread" daemon [_thread_blocked, id=9856, stack(0x000000000a150000,0x000000000a250000)]
  0x0000000008b0c800 JavaThread "C2 CompilerThread1" daemon [_thread_in_native, id=5992, stack(0x000000000a290000,0x000000000a390000)]
=>0x0000000008b0a800 JavaThread "C2 CompilerThread0" daemon [_thread_in_native, id=9348, stack(0x000000000a040000,0x000000000a140000)]
  0x0000000008b09800 JavaThread "Attach Listener" daemon [_thread_blocked, id=3636, stack(0x0000000009b20000,0x0000000009c20000)]
  0x0000000008b02800 JavaThread "Signal Dispatcher" daemon [_thread_blocked, id=5528, stack(0x0000000009e90000,0x0000000009f90000)]
  0x0000000001e71800 JavaThread "Finalizer" daemon [_thread_blocked, id=9356, stack(0x0000000009ca0000,0x0000000009da0000)]
  0x0000000001e70000 JavaThread "Reference Handler" daemon [_thread_blocked, id=9080, stack(0x00000000098c0000,0x00000000099c0000)]
  0x0000000001ebd800 JavaThread "main" [_thread_blocked, id=8960, stack(0x00000000020c0000,0x00000000021c0000)]

Other Threads:
  0x0000000008a82800 VMThread [stack: 0x0000000009a00000,0x0000000009b00000] [id=8772]
  0x0000000008b1e800 WatcherThread [stack: 0x000000000a4e0000,0x000000000a5e0000] [id=9840]

VM state:not at safepoint (normal execution)

VM Mutex/Monitor currently owned by a thread: None

Heap
 PSYoungGen      total 36288K, used 17036K [0x00000000eaab0000, 0x00000000ef190000, 0x0000000100000000)
  eden space 31168K, 38% used [0x00000000eaab0000,0x00000000eb655220,0x00000000ec920000)
  from space 5120K, 99% used [0x00000000ec920000,0x00000000ece1e028,0x00000000ece20000)
  to   space 5120K, 0% used [0x00000000eec90000,0x00000000eec90000,0x00000000ef190000)
 ParOldGen       total 82880K, used 1332K [0x00000000c0000000, 0x00000000c50f0000, 0x00000000eaab0000)
  object space 82880K, 1% used [0x00000000c0000000,0x00000000c014d158,0x00000000c50f0000)
 PSPermGen       total 21248K, used 5875K [0x00000000bae00000, 0x00000000bc2c0000, 0x00000000c0000000)
  object space 21248K, 27% used [0x00000000bae00000,0x00000000bb3bccc8,0x00000000bc2c0000)

Card table byte_map: [0x00000000051c0000,0x00000000053f0000] byte_map_base: 0x0000000004be9000

Polling page: 0x0000000000110000

Code Cache  [0x00000000021c0000, 0x0000000002430000, 0x00000000051c0000)
 total_blobs=460 nmethods=225 adapters=186 free_code_cache=48222Kb largest_free_block=49349504

Compilation events (10 events):
Event: 1.836 Thread 0x0000000008b0c800 nmethod 222 0x000000000228be10 code [0x000000000228bf40, 0x000000000228bf98]
Event: 1.837 Thread 0x0000000008b0c800  223             com.android.dx.rop.code.Rop::isCallLike (5 bytes)
Event: 1.837 Thread 0x0000000008b0c800 nmethod 223 0x00000000022325d0 code [0x0000000002232700, 0x0000000002232758]
Event: 1.837 Thread 0x0000000008b0c800  224             java.util.TreeMap::getEntry (84 bytes)
Event: 1.839 Thread 0x0000000008b0c800 nmethod 224 0x0000000002297610 code [0x0000000002297760, 0x0000000002297898]
Event: 1.839 Thread 0x0000000008b0c800  225   !         com.android.dx.ssa.LocalVariableInfo::getStarts0 (18 bytes)
Event: 1.839 Thread 0x0000000008b0c800 nmethod 225 0x0000000002297390 code [0x00000000022974c0, 0x0000000002297558]
Event: 1.839 Thread 0x0000000008b0c800  226             com.android.dx.rop.code.LocalVariableExtractor::processBlock (327 bytes)
Event: 1.888 Thread 0x0000000008b0c800 nmethod 226 0x00000000022abb90 code [0x00000000022abe60, 0x00000000022ad428]
Event: 1.888 Thread 0x0000000008b0c800  227             com.android.dx.ssa.SsaBasicBlock::newFromRop (183 bytes)

GC Heap History (2 events):
Event: 1.378 GC heap before
{Heap before GC invocations=1 (full 0):
 PSYoungGen      total 36288K, used 31168K [0x00000000eaab0000, 0x00000000ed320000, 0x0000000100000000)
  eden space 31168K, 100% used [0x00000000eaab0000,0x00000000ec920000,0x00000000ec920000)
  from space 5120K, 0% used [0x00000000ece20000,0x00000000ece20000,0x00000000ed320000)
  to   space 5120K, 0% used [0x00000000ec920000,0x00000000ec920000,0x00000000ece20000)
 ParOldGen       total 82880K, used 0K [0x00000000c0000000, 0x00000000c50f0000, 0x00000000eaab0000)
  object space 82880K, 0% used [0x00000000c0000000,0x00000000c0000000,0x00000000c50f0000)
 PSPermGen       total 21248K, used 5841K [0x00000000bae00000, 0x00000000bc2c0000, 0x00000000c0000000)
  object space 21248K, 27% used [0x00000000bae00000,0x00000000bb3b46e0,0x00000000bc2c0000)
Event: 1.459 GC heap after
Heap after GC invocations=1 (full 0):
 PSYoungGen      total 36288K, used 5112K [0x00000000eaab0000, 0x00000000ef190000, 0x0000000100000000)
  eden space 31168K, 0% used [0x00000000eaab0000,0x00000000eaab0000,0x00000000ec920000)
  from space 5120K, 99% used [0x00000000ec920000,0x00000000ece1e028,0x00000000ece20000)
  to   space 5120K, 0% used [0x00000000eec90000,0x00000000eec90000,0x00000000ef190000)
 ParOldGen       total 82880K, used 1332K [0x00000000c0000000, 0x00000000c50f0000, 0x00000000eaab0000)
  object space 82880K, 1% used [0x00000000c0000000,0x00000000c014d158,0x00000000c50f0000)
 PSPermGen       total 21248K, used 5841K [0x00000000bae00000, 0x00000000bc2c0000, 0x00000000c0000000)
  object space 21248K, 27% used [0x00000000bae00000,0x00000000bb3b46e0,0x00000000bc2c0000)
}

Deoptimization events (5 events):
Event: 0.987 Thread 0x000000000a70a800 Uncommon trap -12 fr.pc 0x000000000223dc4c
Event: 1.005 Thread 0x0000000001ebd800 Uncommon trap -34 fr.pc 0x0000000002235334
Event: 1.160 Thread 0x000000000a70a800 Uncommon trap -83 fr.pc 0x000000000225577c
Event: 1.221 Thread 0x0000000001ebd800 Uncommon trap -12 fr.pc 0x0000000002263d38
Event: 1.221 Thread 0x000000000a711800 Uncommon trap -12 fr.pc 0x0000000002263d38

Internal exceptions (10 events):
Event: 0.831 Thread 0x000000000a711800 Threw 0x00000000eb0ba1d0 at C:\jdk7u2_64p\jdk7u21\hotspot\src\share\vm\prims\jvm.cpp:1166
Event: 0.832 Thread 0x000000000a711800 Threw 0x00000000eb0be790 at C:\jdk7u2_64p\jdk7u21\hotspot\src\share\vm\prims\jvm.cpp:1166
Event: 0.843 Thread 0x000000000a70a800 Threw 0x00000000eb1e0ce0 at C:\jdk7u2_64p\jdk7u21\hotspot\src\share\vm\prims\jvm.cpp:1166
Event: 0.879 Thread 0x0000000001ebd800 Threw 0x00000000eb2fab68 at C:\jdk7u2_64p\jdk7u21\hotspot\src\share\vm\prims\jvm.cpp:1166
Event: 0.888 Thread 0x000000000a711800 Threw 0x00000000eb4931f8 at C:\jdk7u2_64p\jdk7u21\hotspot\src\share\vm\prims\jvm.cpp:1166
Event: 0.930 Thread 0x000000000a711800 Threw 0x00000000eb666e10 at C:\jdk7u2_64p\jdk7u21\hotspot\src\share\vm\prims\jvm.cpp:1166
Event: 0.932 Thread 0x000000000a711800 Threw 0x00000000eb66e9a8 at C:\jdk7u2_64p\jdk7u21\hotspot\src\share\vm\prims\jvm.cpp:1166
Event: 0.987 Thread 0x000000000a70a800 Implicit null exception at 0x000000000223d8c0 to 0x000000000223dc39
Event: 1.221 Thread 0x0000000001ebd800 Implicit null exception at 0x0000000002262906 to 0x0000000002263d1d
Event: 1.221 Thread 0x000000000a711800 Implicit null exception at 0x0000000002262906 to 0x0000000002263d1d

Events (10 events):
Event: 1.221 Thread 0x0000000001ebd800 DEOPT UNPACKING pc=0x00000000021f9164 sp=0x00000000021be778 mode 2
Event: 1.377 Executing VM operation: ParallelGCFailedAllocation
Event: 1.459 Executing VM operation: ParallelGCFailedAllocation done
Event: 1.650 loading class 0x0000000001e79660
Event: 1.650 loading class 0x0000000001e79660 done
Event: 1.650 loading class 0x0000000001e7cfb0
Event: 1.650 loading class 0x0000000001e7cfb0 done
Event: 1.845 Thread 0x000000000a70a800 Thread exited: 0x000000000a70a800
Event: 1.874 Thread 0x000000000a711800 Thread exited: 0x000000000a711800
Event: 1.895 Thread 0x000000000a717000 Thread exited: 0x000000000a717000


Dynamic libraries:
0x000000013f730000 - 0x000000013f763000 	C:\Program Files\Java\jdk1.7.0_21\bin\java.exe
0x00000000771e0000 - 0x0000000077389000 	C:\Windows\SYSTEM32\ntdll.dll
0x00000000770c0000 - 0x00000000771e0000 	C:\Windows\system32\kernel32.dll
0x000007fefd2d0000 - 0x000007fefd33c000 	C:\Windows\system32\KERNELBASE.dll
0x000007feff260000 - 0x000007feff33b000 	C:\Windows\system32\ADVAPI32.dll
0x000007fefeef0000 - 0x000007fefef8f000 	C:\Windows\system32\msvcrt.dll
0x000007feff4d0000 - 0x000007feff4ef000 	C:\Windows\SYSTEM32\sechost.dll
0x000007fefea80000 - 0x000007fefebad000 	C:\Windows\system32\RPCRT4.dll
0x0000000076fc0000 - 0x00000000770ba000 	C:\Windows\system32\USER32.dll
0x000007fefe5a0000 - 0x000007fefe607000 	C:\Windows\system32\GDI32.dll
0x000007fefefa0000 - 0x000007fefefae000 	C:\Windows\system32\LPK.dll
0x000007fefe430000 - 0x000007fefe4f9000 	C:\Windows\system32\USP10.dll
0x000007fefbf60000 - 0x000007fefc154000 	C:\Windows\WinSxS\amd64_microsoft.windows.common-controls_6595b64144ccf1df_6.0.7601.18837_none_fa3b1e3d17594757\COMCTL32.dll
0x000007fefed10000 - 0x000007fefed81000 	C:\Windows\system32\SHLWAPI.dll
0x000007fefd3a0000 - 0x000007fefd3ce000 	C:\Windows\system32\IMM32.DLL
0x000007fefede0000 - 0x000007fefeee9000 	C:\Windows\system32\MSCTF.dll
0x0000000059af0000 - 0x0000000059bc1000 	C:\Program Files\Java\jdk1.7.0_21\jre\bin\msvcr100.dll
0x0000000050390000 - 0x0000000050ab1000 	C:\Program Files\Java\jdk1.7.0_21\jre\bin\server\jvm.dll
0x000007fef7270000 - 0x000007fef7279000 	C:\Windows\system32\WSOCK32.dll
0x000007fefed90000 - 0x000007fefeddd000 	C:\Windows\system32\WS2_32.dll
0x000007fefef90000 - 0x000007fefef98000 	C:\Windows\system32\NSI.dll
0x000007fef9c20000 - 0x000007fef9c5b000 	C:\Windows\system32\WINMM.dll
0x00000000773b0000 - 0x00000000773b7000 	C:\Windows\system32\PSAPI.DLL
0x0000000074620000 - 0x000000007462f000 	C:\Program Files\Java\jdk1.7.0_21\jre\bin\verify.dll
0x0000000073ec0000 - 0x0000000073ee8000 	C:\Program Files\Java\jdk1.7.0_21\jre\bin\java.dll
0x00000000744a0000 - 0x00000000744b5000 	C:\Program Files\Java\jdk1.7.0_21\jre\bin\zip.dll
0x0000000073ea0000 - 0x0000000073eb9000 	C:\Program Files\Java\jdk1.7.0_21\jre\bin\net.dll
0x000007fefc720000 - 0x000007fefc775000 	C:\Windows\system32\mswsock.dll
0x000007fefc710000 - 0x000007fefc717000 	C:\Windows\System32\wship6.dll
0x0000000073e80000 - 0x0000000073e91000 	C:\Program Files\Java\jdk1.7.0_21\jre\bin\nio.dll

VM Arguments:
jvm_args: -Xmx1024M -Dfile.encoding=windows-1250 -Duser.country=US -Duser.language=en -Duser.variant 
java_command: com.android.dx.command.Main --dex --num-threads=4 --output E:\Android\AIR-DL\GitDiscountLocator\app\build\intermediates\pre-dexed\debug\activeandroid-3.1.0-SNAPSHOT-288bc4679b06960b3f3c7781b6d3a17361f010a7.jar C:\Users\ivan\.gradle\caches\modules-2\files-2.1\com.michaelpardo\activeandroid\3.1.0-SNAPSHOT\4ab7b0182975bc57c49efc5e0b3baa4a10e4ec08\activeandroid-3.1.0-SNAPSHOT.jar
Launcher Type: SUN_STANDARD

Environment Variables:
JAVA_HOME=C:\Program Files\Java\jdk1.7.0_21
PATH=E:\Perl\site\bin;E:\Perl\bin;E:\Dev\OpenCL\sdk2\AMD APP SDK\2.9-1\bin\x86_64;E:\Dev\OpenCL\sdk2\AMD APP SDK\2.9-1\bin\x86;C:\Program Files (x86)\AMD APP SDK\2.9-1\bin\x86_64;C:\Program Files (x86)\AMD APP SDK\2.9-1\bin\x86;C:\ProgramData\Oracle\Java\javapath;C:\Program Files\Common Files\Microsoft Shared\Windows Live;C:\Program Files (x86)\Common Files\Microsoft Shared\Windows Live;C:\Program Files\Broadcom\Broadcom 802.11 Network Adapter\Driver;C:\Windows\system32;C:\Windows;C:\Windows\System32\Wbem;C:\Windows\System32\WindowsPowerShell\v1.0\;C:\Program Files (x86)\Intel\OpenCL SDK\2.0\bin\x86;C:\Program Files (x86)\Intel\OpenCL SDK\2.0\bin\x64;C:\Program Files\Microsoft\Web Platform Installer\;C:\Program Files (x86)\Microsoft ASP.NET\ASP.NET Web Pages\v1.0\;C:\Program Files\Microsoft SQL Server\110\Tools\Binn\;C:\Program Files (x86)\Graphviz2.30\bin;C:\Program Files\ThinkPad\Bluetooth Software\;C:\Program Files\ThinkPad\Bluetooth Software\syswow64;C:\Program Files\TortoiseSVN\bin;C:\Program Files (x86)\Windows Live\Shared;E:\Dev\Grails\grails-2.2.4\bin;C:\Windows\twain_32\CNQL60;E:\ATT\Graphviz\bin;E:\ATT\Graphviz\bin\tools;C:\Program Files (x86)\Calibre2\;C:\Program Files (x86)\AMD APP SDK\3.0-0-Beta\bin\x86_64;C:\Program Files (x86)\AMD APP SDK\3.0-0-Beta\bin\x86;C:\Program Files (x86)\Windows Kits\8.1\Windows Performance Toolkit\;E:\Dev\OpenCV\opencv\build\x64\vc12\bin;C:\Program Files (x86)\Microsoft SQL Server\100\Tools\Binn\VSShell\Common7\IDE\;C:\Program Files (x86)\Microsoft SQL Server\100\Tools\Binn\;C:\Program Files\Microsoft SQL Server\100\Tools\Binn\;C:\Program Files (x86)\Microsoft SQL Server\100\DTS\Binn\;C:\Program Files (x86)\Common Files\lenovo\easyplussdk\bin;C:\Program Files\MiKTeX 2.9\miktex\bin\x64\;C:\Program Files (x86)\Skype\Phone\;E:\Anaconda3;E:\Anaconda3\Scripts;E:\ADA\bin;C:\Program Files (x86)\SSH Communications Security\SSH Secure Shell;C:\Program Files\Java\jdk1.7.0_21\jre\bin
USERNAME=ivan
OS=Windows_NT
PROCESSOR_IDENTIFIER=Intel64 Family 6 Model 58 Stepping 9, GenuineIntel



---------------  S Y S T E M  ---------------

OS: Windows 7 , 64 bit Build 7601 Service Pack 1

CPU:total 4 (2 cores per cpu, 2 threads per core) family 6 model 58 stepping 9, cmov, cx8, fxsr, mmx, sse, sse2, sse3, ssse3, sse4.1, sse4.2, popcnt, avx, ht, tsc, tscinvbit, tscinv

Memory: 4k page, physical 7954296k(758356k free), swap 8553488k(5136k free)

vm_info: Java HotSpot(TM) 64-Bit Server VM (23.21-b01) for windows-amd64 JRE (1.7.0_21-b11), built on Apr  4 2013 08:11:28 by "java_re" with unknown MS VC++:1600

time: Mon Nov 16 14:44:48 2015
elapsed time: 1 seconds

