#
# There is insufficient memory for the Java Runtime Environment to continue.
# Native memory allocation (malloc) failed to allocate 102416 bytes for Chunk::new
# Possible reasons:
#   The system is out of physical RAM or swap space
#   In 32 bit mode, the process size limit was hit
# Possible solutions:
#   Reduce memory load on the system
#   Increase physical memory or swap space
#   Check if swap backing store is full
#   Use 64 bit Java on a 64 bit OS
#   Decrease Java heap size (-Xmx/-Xms)
#   Decrease number of Java threads
#   Decrease Java thread stack sizes (-Xss)
#   Set larger code cache with -XX:ReservedCodeCacheSize=
# This output file may be truncated or incomplete.
#
#  Out of Memory Error (allocation.cpp:328), pid=8048, tid=3044
#
# JRE version: 7.0_21-b11
# Java VM: Java HotSpot(TM) 64-Bit Server VM (23.21-b01 mixed mode windows-amd64 compressed oops)
# Failed to write core dump. Minidumps are not enabled by default on client versions of Windows
#

---------------  T H R E A D  ---------------

Current thread (0x0000000008b39000):  JavaThread "C2 CompilerThread1" daemon [_thread_in_native, id=3044, stack(0x000000000a270000,0x000000000a370000)]

Stack: [0x000000000a270000,0x000000000a370000]

Current CompileTask:
C2:   2386  179             com.android.dx.ssa.Dominators::run (506 bytes)


---------------  P R O C E S S  ---------------

Java Threads: ( => current thread )
  0x000000000a61c000 JavaThread "pool-1-thread-4" [_thread_blocked, id=5900, stack(0x000000000b3c0000,0x000000000b4c0000)]
  0x000000000a5b9800 JavaThread "pool-1-thread-3" [_thread_blocked, id=7992, stack(0x000000000b060000,0x000000000b160000)]
  0x000000000a5b9000 JavaThread "pool-1-thread-2" [_thread_blocked, id=3388, stack(0x000000000b1d0000,0x000000000b2d0000)]
  0x000000000a5b8000 JavaThread "pool-2-thread-1" [_thread_blocked_trans, id=9700, stack(0x000000000af50000,0x000000000b050000)]
  0x000000000a5b7800 JavaThread "pool-1-thread-1" [_thread_blocked, id=8908, stack(0x000000000ad80000,0x000000000ae80000)]
  0x0000000008b39800 JavaThread "Service Thread" daemon [_thread_blocked, id=6980, stack(0x0000000009d50000,0x0000000009e50000)]
=>0x0000000008b39000 JavaThread "C2 CompilerThread1" daemon [_thread_in_native, id=3044, stack(0x000000000a270000,0x000000000a370000)]
  0x0000000008b2b000 JavaThread "C2 CompilerThread0" daemon [_thread_in_native, id=9896, stack(0x000000000a080000,0x000000000a180000)]
  0x0000000008b2a000 JavaThread "Attach Listener" daemon [_thread_blocked, id=9608, stack(0x0000000009eb0000,0x0000000009fb0000)]
  0x0000000008b22800 JavaThread "Signal Dispatcher" daemon [_thread_blocked, id=3432, stack(0x0000000009c50000,0x0000000009d50000)]
  0x0000000001ed7000 JavaThread "Finalizer" daemon [_thread_blocked, id=640, stack(0x00000000098c0000,0x00000000099c0000)]
  0x0000000001ed0000 JavaThread "Reference Handler" daemon [_thread_blocked, id=10164, stack(0x0000000009b40000,0x0000000009c40000)]
  0x0000000001f2d800 JavaThread "main" [_thread_blocked, id=10100, stack(0x00000000020f0000,0x00000000021f0000)]

Other Threads:
  0x0000000008aa2800 VMThread [stack: 0x0000000009a30000,0x0000000009b30000] [id=3204]
  0x0000000008b45800 WatcherThread [stack: 0x000000000a3e0000,0x000000000a4e0000] [id=5896]

VM state:not at safepoint (normal execution)

VM Mutex/Monitor currently owned by a thread:  ([mutex/lock_event])
[0x0000000001f2c230] Heap_lock - owner thread: 0x0000000001f2d800

Heap
 PSYoungGen      total 36288K, used 5093K [0x00000000eaab0000, 0x00000000ef190000, 0x0000000100000000)
  eden space 31168K, 0% used [0x00000000eaab0000,0x00000000eaab0018,0x00000000ec920000)
  from space 5120K, 99% used [0x00000000ec920000,0x00000000ece19410,0x00000000ece20000)
  to   space 5120K, 0% used [0x00000000eec90000,0x00000000eec90000,0x00000000ef190000)
 ParOldGen       total 82880K, used 1303K [0x00000000c0000000, 0x00000000c50f0000, 0x00000000eaab0000)
  object space 82880K, 1% used [0x00000000c0000000,0x00000000c0145f40,0x00000000c50f0000)
 PSPermGen       total 21248K, used 5845K [0x00000000bae00000, 0x00000000bc2c0000, 0x00000000c0000000)
  object space 21248K, 27% used [0x00000000bae00000,0x00000000bb3b5410,0x00000000bc2c0000)

Card table byte_map: [0x00000000051f0000,0x0000000005420000] byte_map_base: 0x0000000004c19000

Polling page: 0x0000000000110000

Code Cache  [0x00000000021f0000, 0x0000000002460000, 0x00000000051f0000)
 total_blobs=425 nmethods=190 adapters=186 free_code_cache=48394Kb largest_free_block=49517888

Compilation events (10 events):
Event: 2.135 Thread 0x0000000008b2b000 nmethod 185 0x0000000002298050 code [0x00000000022981a0, 0x00000000022982f8]
Event: 2.135 Thread 0x0000000008b2b000  186             com.android.dx.dex.code.OutputCollector::add (9 bytes)
Event: 2.141 Thread 0x0000000008b2b000 nmethod 186 0x00000000022abdd0 code [0x00000000022abf60, 0x00000000022ac270]
Event: 2.141 Thread 0x0000000008b2b000  187             com.android.dx.ssa.SsaMethod::bitSetFromLabelList (47 bytes)
Event: 2.151 Thread 0x0000000008b2b000 nmethod 187 0x00000000022a1110 code [0x00000000022a1280, 0x00000000022a16a8]
Event: 2.151 Thread 0x0000000008b2b000  188             com.android.dx.rop.code.PlainInsn::accept (8 bytes)
Event: 2.151 Thread 0x0000000008b2b000 nmethod 188 0x0000000002297e10 code [0x0000000002297f60, 0x0000000002297fd8]
Event: 2.151 Thread 0x0000000008b2b000  189             com.android.dx.dex.code.ZeroSizeInsn::<init> (12 bytes)
Event: 2.153 Thread 0x0000000008b2b000 nmethod 189 0x0000000002297b90 code [0x0000000002297ce0, 0x0000000002297d78]
Event: 2.153 Thread 0x0000000008b2b000  190             com.android.dx.ssa.SCCP::simulateBranch (666 bytes)

GC Heap History (2 events):
Event: 2.178 GC heap before
{Heap before GC invocations=1 (full 0):
 PSYoungGen      total 36288K, used 31168K [0x00000000eaab0000, 0x00000000ed320000, 0x0000000100000000)
  eden space 31168K, 100% used [0x00000000eaab0000,0x00000000ec920000,0x00000000ec920000)
  from space 5120K, 0% used [0x00000000ece20000,0x00000000ece20000,0x00000000ed320000)
  to   space 5120K, 0% used [0x00000000ec920000,0x00000000ec920000,0x00000000ece20000)
 ParOldGen       total 82880K, used 0K [0x00000000c0000000, 0x00000000c50f0000, 0x00000000eaab0000)
  object space 82880K, 0% used [0x00000000c0000000,0x00000000c0000000,0x00000000c50f0000)
 PSPermGen       total 21248K, used 5845K [0x00000000bae00000, 0x00000000bc2c0000, 0x00000000c0000000)
  object space 21248K, 27% used [0x00000000bae00000,0x00000000bb3b5410,0x00000000bc2c0000)
Event: 2.342 GC heap after
Heap after GC invocations=1 (full 0):
 PSYoungGen      total 36288K, used 5093K [0x00000000eaab0000, 0x00000000ef190000, 0x0000000100000000)
  eden space 31168K, 0% used [0x00000000eaab0000,0x00000000eaab0000,0x00000000ec920000)
  from space 5120K, 99% used [0x00000000ec920000,0x00000000ece19410,0x00000000ece20000)
  to   space 5120K, 0% used [0x00000000eec90000,0x00000000eec90000,0x00000000ef190000)
 ParOldGen       total 82880K, used 1303K [0x00000000c0000000, 0x00000000c50f0000, 0x00000000eaab0000)
  object space 82880K, 1% used [0x00000000c0000000,0x00000000c0145f40,0x00000000c50f0000)
 PSPermGen       total 21248K, used 5845K [0x00000000bae00000, 0x00000000bc2c0000, 0x00000000c0000000)
  object space 21248K, 27% used [0x00000000bae00000,0x00000000bb3b5410,0x00000000bc2c0000)
}

Deoptimization events (3 events):
Event: 1.362 Thread 0x000000000a5b9000 Uncommon trap -12 fr.pc 0x000000000226c4e8
Event: 1.466 Thread 0x0000000001f2d800 Uncommon trap -83 fr.pc 0x000000000226ba04
Event: 1.966 Thread 0x000000000a5b9800 Uncommon trap -12 fr.pc 0x00000000022920fc

Internal exceptions (10 events):
Event: 1.037 Thread 0x000000000a5b9800 Threw 0x00000000eb098e88 at C:\jdk7u2_64p\jdk7u21\hotspot\src\share\vm\prims\jvm.cpp:1166
Event: 1.060 Thread 0x000000000a5b9800 Threw 0x00000000eb0c4750 at C:\jdk7u2_64p\jdk7u21\hotspot\src\share\vm\prims\jvm.cpp:1166
Event: 1.076 Thread 0x000000000a5b9000 Threw 0x00000000eaf7eb20 at C:\jdk7u2_64p\jdk7u21\hotspot\src\share\vm\prims\jvm.cpp:1166
Event: 1.123 Thread 0x000000000a5b9800 Threw 0x00000000eb452090 at C:\jdk7u2_64p\jdk7u21\hotspot\src\share\vm\prims\jvm.cpp:1166
Event: 1.129 Thread 0x000000000a5b7800 Threw 0x00000000eb29a478 at C:\jdk7u2_64p\jdk7u21\hotspot\src\share\vm\prims\jvm.cpp:1166
Event: 1.362 Thread 0x000000000a5b9000 Implicit null exception at 0x000000000226c16f to 0x000000000226c4d5
Event: 1.502 Thread 0x000000000a61c000 Threw 0x00000000eb956070 at C:\jdk7u2_64p\jdk7u21\hotspot\src\share\vm\prims\jvm.cpp:1166
Event: 1.625 Thread 0x0000000001f2d800 Threw 0x00000000ebb91f58 at C:\jdk7u2_64p\jdk7u21\hotspot\src\share\vm\prims\jvm.cpp:1166
Event: 1.940 Thread 0x000000000a5b9800 Threw 0x00000000ec1d6a80 at C:\jdk7u2_64p\jdk7u21\hotspot\src\share\vm\prims\jvm.cpp:1166
Event: 1.966 Thread 0x000000000a5b9800 Implicit null exception at 0x0000000002291a17 to 0x00000000022920ed

Events (10 events):
Event: 1.839 loading class 0x0000000008b7cce0
Event: 1.839 loading class 0x0000000008b7cce0 done
Event: 1.840 loading class 0x000000000a55d930
Event: 1.840 loading class 0x000000000a55d930 done
Event: 1.940 loading class 0x000000000a58a1e0
Event: 1.940 loading class 0x000000000a58a1e0 done
Event: 1.966 Thread 0x000000000a5b9800 DEOPT PACKING pc=0x00000000022920fc sp=0x000000000b15eb00
Event: 1.966 Thread 0x000000000a5b9800 DEOPT UNPACKING pc=0x0000000002229164 sp=0x000000000b15ea20 mode 2
Event: 2.176 Executing VM operation: ParallelGCFailedAllocation
Event: 2.342 Executing VM operation: ParallelGCFailedAllocation done


Dynamic libraries:
0x000000013f730000 - 0x000000013f763000 	C:\Program Files\Java\jdk1.7.0_21\bin\java.exe
0x00000000771e0000 - 0x0000000077389000 	C:\Windows\SYSTEM32\ntdll.dll
0x00000000770c0000 - 0x00000000771e0000 	C:\Windows\system32\kernel32.dll
0x000007fefd2d0000 - 0x000007fefd33c000 	C:\Windows\system32\KERNELBASE.dll
0x000007feff260000 - 0x000007feff33b000 	C:\Windows\system32\ADVAPI32.dll
0x000007fefeef0000 - 0x000007fefef8f000 	C:\Windows\system32\msvcrt.dll
0x000007feff4d0000 - 0x000007feff4ef000 	C:\Windows\SYSTEM32\sechost.dll
0x000007fefea80000 - 0x000007fefebad000 	C:\Windows\system32\RPCRT4.dll
0x0000000076fc0000 - 0x00000000770ba000 	C:\Windows\system32\USER32.dll
0x000007fefe5a0000 - 0x000007fefe607000 	C:\Windows\system32\GDI32.dll
0x000007fefefa0000 - 0x000007fefefae000 	C:\Windows\system32\LPK.dll
0x000007fefe430000 - 0x000007fefe4f9000 	C:\Windows\system32\USP10.dll
0x000007fefbf60000 - 0x000007fefc154000 	C:\Windows\WinSxS\amd64_microsoft.windows.common-controls_6595b64144ccf1df_6.0.7601.18837_none_fa3b1e3d17594757\COMCTL32.dll
0x000007fefed10000 - 0x000007fefed81000 	C:\Windows\system32\SHLWAPI.dll
0x000007fefd3a0000 - 0x000007fefd3ce000 	C:\Windows\system32\IMM32.DLL
0x000007fefede0000 - 0x000007fefeee9000 	C:\Windows\system32\MSCTF.dll
0x0000000059af0000 - 0x0000000059bc1000 	C:\Program Files\Java\jdk1.7.0_21\jre\bin\msvcr100.dll
0x0000000050390000 - 0x0000000050ab1000 	C:\Program Files\Java\jdk1.7.0_21\jre\bin\server\jvm.dll
0x000007fef7270000 - 0x000007fef7279000 	C:\Windows\system32\WSOCK32.dll
0x000007fefed90000 - 0x000007fefeddd000 	C:\Windows\system32\WS2_32.dll
0x000007fefef90000 - 0x000007fefef98000 	C:\Windows\system32\NSI.dll
0x000007fef9c20000 - 0x000007fef9c5b000 	C:\Windows\system32\WINMM.dll
0x00000000773b0000 - 0x00000000773b7000 	C:\Windows\system32\PSAPI.DLL
0x0000000074620000 - 0x000000007462f000 	C:\Program Files\Java\jdk1.7.0_21\jre\bin\verify.dll
0x0000000073ec0000 - 0x0000000073ee8000 	C:\Program Files\Java\jdk1.7.0_21\jre\bin\java.dll
0x00000000744a0000 - 0x00000000744b5000 	C:\Program Files\Java\jdk1.7.0_21\jre\bin\zip.dll
0x0000000073ea0000 - 0x0000000073eb9000 	C:\Program Files\Java\jdk1.7.0_21\jre\bin\net.dll
0x000007fefc720000 - 0x000007fefc775000 	C:\Windows\system32\mswsock.dll
0x000007fefc710000 - 0x000007fefc717000 	C:\Windows\System32\wship6.dll
0x0000000073e80000 - 0x0000000073e91000 	C:\Program Files\Java\jdk1.7.0_21\jre\bin\nio.dll

VM Arguments:
jvm_args: -Xmx1024M -Dfile.encoding=windows-1250 -Duser.country=US -Duser.language=en -Duser.variant 
java_command: com.android.dx.command.Main --dex --num-threads=4 --output E:\Android\AIR-DL\GitDiscountLocator\app\build\intermediates\pre-dexed\debug\classes-4d23fc94464d1b63378d101fe51d21250f27736e.jar E:\Android\AIR-DL\GitDiscountLocator\app\build\intermediates\exploded-aar\com.android.support\design\23.0.1\jars\classes.jar
Launcher Type: SUN_STANDARD

Environment Variables:
JAVA_HOME=C:\Program Files\Java\jdk1.7.0_21
PATH=E:\Perl\site\bin;E:\Perl\bin;E:\Dev\OpenCL\sdk2\AMD APP SDK\2.9-1\bin\x86_64;E:\Dev\OpenCL\sdk2\AMD APP SDK\2.9-1\bin\x86;C:\Program Files (x86)\AMD APP SDK\2.9-1\bin\x86_64;C:\Program Files (x86)\AMD APP SDK\2.9-1\bin\x86;C:\ProgramData\Oracle\Java\javapath;C:\Program Files\Common Files\Microsoft Shared\Windows Live;C:\Program Files (x86)\Common Files\Microsoft Shared\Windows Live;C:\Program Files\Broadcom\Broadcom 802.11 Network Adapter\Driver;C:\Windows\system32;C:\Windows;C:\Windows\System32\Wbem;C:\Windows\System32\WindowsPowerShell\v1.0\;C:\Program Files (x86)\Intel\OpenCL SDK\2.0\bin\x86;C:\Program Files (x86)\Intel\OpenCL SDK\2.0\bin\x64;C:\Program Files\Microsoft\Web Platform Installer\;C:\Program Files (x86)\Microsoft ASP.NET\ASP.NET Web Pages\v1.0\;C:\Program Files\Microsoft SQL Server\110\Tools\Binn\;C:\Program Files (x86)\Graphviz2.30\bin;C:\Program Files\ThinkPad\Bluetooth Software\;C:\Program Files\ThinkPad\Bluetooth Software\syswow64;C:\Program Files\TortoiseSVN\bin;C:\Program Files (x86)\Windows Live\Shared;E:\Dev\Grails\grails-2.2.4\bin;C:\Windows\twain_32\CNQL60;E:\ATT\Graphviz\bin;E:\ATT\Graphviz\bin\tools;C:\Program Files (x86)\Calibre2\;C:\Program Files (x86)\AMD APP SDK\3.0-0-Beta\bin\x86_64;C:\Program Files (x86)\AMD APP SDK\3.0-0-Beta\bin\x86;C:\Program Files (x86)\Windows Kits\8.1\Windows Performance Toolkit\;E:\Dev\OpenCV\opencv\build\x64\vc12\bin;C:\Program Files (x86)\Microsoft SQL Server\100\Tools\Binn\VSShell\Common7\IDE\;C:\Program Files (x86)\Microsoft SQL Server\100\Tools\Binn\;C:\Program Files\Microsoft SQL Server\100\Tools\Binn\;C:\Program Files (x86)\Microsoft SQL Server\100\DTS\Binn\;C:\Program Files (x86)\Common Files\lenovo\easyplussdk\bin;C:\Program Files\MiKTeX 2.9\miktex\bin\x64\;C:\Program Files (x86)\Skype\Phone\;E:\Anaconda3;E:\Anaconda3\Scripts;E:\ADA\bin;C:\Program Files (x86)\SSH Communications Security\SSH Secure Shell;C:\Program Files\Java\jdk1.7.0_21\jre\bin
USERNAME=ivan
OS=Windows_NT
PROCESSOR_IDENTIFIER=Intel64 Family 6 Model 58 Stepping 9, GenuineIntel



---------------  S Y S T E M  ---------------

OS: Windows 7 , 64 bit Build 7601 Service Pack 1

CPU:total 4 (2 cores per cpu, 2 threads per core) family 6 model 58 stepping 9, cmov, cx8, fxsr, mmx, sse, sse2, sse3, ssse3, sse4.1, sse4.2, popcnt, avx, ht, tsc, tscinvbit, tscinv

Memory: 4k page, physical 7954296k(786600k free), swap 8553488k(5092k free)

vm_info: Java HotSpot(TM) 64-Bit Server VM (23.21-b01) for windows-amd64 JRE (1.7.0_21-b11), built on Apr  4 2013 08:11:28 by "java_re" with unknown MS VC++:1600

time: Mon Nov 16 14:44:45 2015
elapsed time: 2 seconds

