#
# There is insufficient memory for the Java Runtime Environment to continue.
# Native memory allocation (malloc) failed to allocate 602256 bytes for Chunk::new
# Possible reasons:
#   The system is out of physical RAM or swap space
#   In 32 bit mode, the process size limit was hit
# Possible solutions:
#   Reduce memory load on the system
#   Increase physical memory or swap space
#   Check if swap backing store is full
#   Use 64 bit Java on a 64 bit OS
#   Decrease Java heap size (-Xmx/-Xms)
#   Decrease number of Java threads
#   Decrease Java thread stack sizes (-Xss)
#   Set larger code cache with -XX:ReservedCodeCacheSize=
# This output file may be truncated or incomplete.
#
#  Out of Memory Error (allocation.cpp:328), pid=2524, tid=8432
#
# JRE version: 7.0_21-b11
# Java VM: Java HotSpot(TM) 64-Bit Server VM (23.21-b01 mixed mode windows-amd64 compressed oops)
# Failed to write core dump. Minidumps are not enabled by default on client versions of Windows
#

---------------  T H R E A D  ---------------

Current thread (0x00000000088fb000):  JavaThread "C2 CompilerThread0" daemon [_thread_in_native, id=8432, stack(0x000000000a0c0000,0x000000000a1c0000)]

Stack: [0x000000000a0c0000,0x000000000a1c0000]

Current CompileTask:
C2:   3909  305   !         com.android.dx.cf.code.BytecodeArray::parseInstruction (2764 bytes)


---------------  P R O C E S S  ---------------

Java Threads: ( => current thread )
  0x000000000a6d2000 JavaThread "pool-1-thread-4" [_thread_in_Java, id=8976, stack(0x000000000afa0000,0x000000000b0a0000)]
  0x000000000a6c9000 JavaThread "pool-1-thread-3" [_thread_in_Java, id=5524, stack(0x000000000b120000,0x000000000b220000)]
  0x000000000a5fb800 JavaThread "pool-1-thread-2" [_thread_in_Java, id=2220, stack(0x000000000ae50000,0x000000000af50000)]
  0x000000000a71f800 JavaThread "pool-2-thread-1" [_thread_blocked, id=1608, stack(0x000000000a320000,0x000000000a420000)]
  0x000000000a70b800 JavaThread "pool-1-thread-1" [_thread_in_vm, id=3364, stack(0x0000000009880000,0x0000000009980000)]
  0x00000000088fd800 JavaThread "Service Thread" daemon [_thread_blocked, id=4696, stack(0x0000000009c10000,0x0000000009d10000)]
  0x00000000088fc800 JavaThread "C2 CompilerThread1" daemon [_thread_in_native, id=7468, stack(0x000000000a1f0000,0x000000000a2f0000)]
=>0x00000000088fb000 JavaThread "C2 CompilerThread0" daemon [_thread_in_native, id=8432, stack(0x000000000a0c0000,0x000000000a1c0000)]
  0x00000000088fa000 JavaThread "Attach Listener" daemon [_thread_blocked, id=9652, stack(0x0000000009ef0000,0x0000000009ff0000)]
  0x00000000088f2800 JavaThread "Signal Dispatcher" daemon [_thread_blocked, id=2264, stack(0x0000000009d40000,0x0000000009e40000)]
  0x0000000001e97000 JavaThread "Finalizer" daemon [_thread_blocked, id=9084, stack(0x0000000009ae0000,0x0000000009be0000)]
  0x0000000001e90000 JavaThread "Reference Handler" daemon [_thread_blocked, id=1432, stack(0x00000000099a0000,0x0000000009aa0000)]
  0x0000000001d9d800 JavaThread "main" [_thread_in_native, id=9088, stack(0x0000000002180000,0x0000000002280000)]

Other Threads:
  0x0000000008872800 VMThread [stack: 0x0000000009750000,0x0000000009850000] [id=7764]
  0x0000000008912000 WatcherThread [stack: 0x000000000a420000,0x000000000a520000] [id=9104]

VM state:not at safepoint (normal execution)

VM Mutex/Monitor currently owned by a thread: None

Heap
 PSYoungGen      total 36288K, used 28654K [0x00000000eaab0000, 0x00000000ef190000, 0x0000000100000000)
  eden space 31168K, 75% used [0x00000000eaab0000,0x00000000ec1afba0,0x00000000ec920000)
  from space 5120K, 99% used [0x00000000ece20000,0x00000000ed31c038,0x00000000ed320000)
  to   space 5120K, 0% used [0x00000000ec920000,0x00000000ec920000,0x00000000ece20000)
 ParOldGen       total 82880K, used 5518K [0x00000000c0000000, 0x00000000c50f0000, 0x00000000eaab0000)
  object space 82880K, 6% used [0x00000000c0000000,0x00000000c05638b0,0x00000000c50f0000)
 PSPermGen       total 21248K, used 5970K [0x00000000bae00000, 0x00000000bc2c0000, 0x00000000c0000000)
  object space 21248K, 28% used [0x00000000bae00000,0x00000000bb3d4ad8,0x00000000bc2c0000)

Card table byte_map: [0x0000000005280000,0x00000000054b0000] byte_map_base: 0x0000000004ca9000

Polling page: 0x0000000000210000

Code Cache  [0x0000000002280000, 0x00000000024f0000, 0x0000000005280000)
 total_blobs=540 nmethods=305 adapters=186 free_code_cache=47967Kb largest_free_block=49089216

Compilation events (10 events):
Event: 3.832 Thread 0x00000000088fb000 nmethod 300 0x00000000023aa610 code [0x00000000023aa760, 0x00000000023aa838]
Event: 3.832 Thread 0x00000000088fb000  301             com.android.dx.ssa.SCCP::addBlockToWorklist (47 bytes)
Event: 3.838 Thread 0x00000000088fb000 nmethod 301 0x00000000023ab610 code [0x00000000023ab7a0, 0x00000000023abc28]
Event: 3.838 Thread 0x00000000088fb000  302   !         com.android.dx.rop.code.LocalVariableInfo::getStarts0 (18 bytes)
Event: 3.838 Thread 0x00000000088fb000 nmethod 302 0x00000000023ac390 code [0x00000000023ac4c0, 0x00000000023ac558]
Event: 3.838 Thread 0x00000000088fb000  303             com.android.dx.rop.code.BasicBlock::getLastInsn (8 bytes)
Event: 3.839 Thread 0x00000000088fb000 nmethod 303 0x00000000023aa250 code [0x00000000023aa3a0, 0x00000000023aa478]
Event: 3.840 Thread 0x00000000088fb000  304             com.android.dx.ssa.back.RegisterAllocator::getDefinitionSpecForSsaReg (22 bytes)
Event: 3.843 Thread 0x00000000088fb000 nmethod 304 0x00000000023aafd0 code [0x00000000023ab140, 0x00000000023ab3a8]
Event: 3.843 Thread 0x00000000088fb000  305   !         com.android.dx.cf.code.BytecodeArray::parseInstruction (2764 bytes)

GC Heap History (4 events):
Event: 2.097 GC heap before
{Heap before GC invocations=1 (full 0):
 PSYoungGen      total 36288K, used 31168K [0x00000000eaab0000, 0x00000000ed320000, 0x0000000100000000)
  eden space 31168K, 100% used [0x00000000eaab0000,0x00000000ec920000,0x00000000ec920000)
  from space 5120K, 0% used [0x00000000ece20000,0x00000000ece20000,0x00000000ed320000)
  to   space 5120K, 0% used [0x00000000ec920000,0x00000000ec920000,0x00000000ece20000)
 ParOldGen       total 82880K, used 0K [0x00000000c0000000, 0x00000000c50f0000, 0x00000000eaab0000)
  object space 82880K, 0% used [0x00000000c0000000,0x00000000c0000000,0x00000000c50f0000)
 PSPermGen       total 21248K, used 5846K [0x00000000bae00000, 0x00000000bc2c0000, 0x00000000c0000000)
  object space 21248K, 27% used [0x00000000bae00000,0x00000000bb3b5930,0x00000000bc2c0000)
Event: 2.114 GC heap after
Heap after GC invocations=1 (full 0):
 PSYoungGen      total 36288K, used 5096K [0x00000000eaab0000, 0x00000000ed320000, 0x0000000100000000)
  eden space 31168K, 0% used [0x00000000eaab0000,0x00000000eaab0000,0x00000000ec920000)
  from space 5120K, 99% used [0x00000000ec920000,0x00000000ece1a038,0x00000000ece20000)
  to   space 5120K, 0% used [0x00000000ece20000,0x00000000ece20000,0x00000000ed320000)
 ParOldGen       total 82880K, used 1225K [0x00000000c0000000, 0x00000000c50f0000, 0x00000000eaab0000)
  object space 82880K, 1% used [0x00000000c0000000,0x00000000c0132768,0x00000000c50f0000)
 PSPermGen       total 21248K, used 5846K [0x00000000bae00000, 0x00000000bc2c0000, 0x00000000c0000000)
  object space 21248K, 27% used [0x00000000bae00000,0x00000000bb3b5930,0x00000000bc2c0000)
}
Event: 2.933 GC heap before
{Heap before GC invocations=2 (full 0):
 PSYoungGen      total 36288K, used 36264K [0x00000000eaab0000, 0x00000000ed320000, 0x0000000100000000)
  eden space 31168K, 100% used [0x00000000eaab0000,0x00000000ec920000,0x00000000ec920000)
  from space 5120K, 99% used [0x00000000ec920000,0x00000000ece1a038,0x00000000ece20000)
  to   space 5120K, 0% used [0x00000000ece20000,0x00000000ece20000,0x00000000ed320000)
 ParOldGen       total 82880K, used 1225K [0x00000000c0000000, 0x00000000c50f0000, 0x00000000eaab0000)
  object space 82880K, 1% used [0x00000000c0000000,0x00000000c0132768,0x00000000c50f0000)
 PSPermGen       total 21248K, used 5932K [0x00000000bae00000, 0x00000000bc2c0000, 0x00000000c0000000)
  object space 21248K, 27% used [0x00000000bae00000,0x00000000bb3cb2b8,0x00000000bc2c0000)
Event: 3.118 GC heap after
Heap after GC invocations=2 (full 0):
 PSYoungGen      total 36288K, used 5104K [0x00000000eaab0000, 0x00000000ef190000, 0x0000000100000000)
  eden space 31168K, 0% used [0x00000000eaab0000,0x00000000eaab0000,0x00000000ec920000)
  from space 5120K, 99% used [0x00000000ece20000,0x00000000ed31c038,0x00000000ed320000)
  to   space 5120K, 0% used [0x00000000ec920000,0x00000000ec920000,0x00000000ece20000)
 ParOldGen       total 82880K, used 5518K [0x00000000c0000000, 0x00000000c50f0000, 0x00000000eaab0000)
  object space 82880K, 6% used [0x00000000c0000000,0x00000000c05638b0,0x00000000c50f0000)
 PSPermGen       total 21248K, used 5932K [0x00000000bae00000, 0x00000000bc2c0000, 0x00000000c0000000)
  object space 21248K, 27% used [0x00000000bae00000,0x00000000bb3cb2b8,0x00000000bc2c0000)
}

Deoptimization events (10 events):
Event: 1.592 Thread 0x0000000001d9d800 Uncommon trap -34 fr.pc 0x00000000022f77d8
Event: 1.592 Thread 0x0000000001d9d800 Uncommon trap -34 fr.pc 0x00000000022f77d8
Event: 1.592 Thread 0x0000000001d9d800 Uncommon trap -34 fr.pc 0x00000000022f77d8
Event: 1.592 Thread 0x0000000001d9d800 Uncommon trap -34 fr.pc 0x00000000022f77d8
Event: 1.605 Thread 0x000000000a6c9000 Uncommon trap -12 fr.pc 0x00000000022fa1d8
Event: 2.457 Thread 0x0000000001d9d800 Uncommon trap -12 fr.pc 0x0000000002358bfc
Event: 2.786 Thread 0x000000000a5fb800 Uncommon trap -12 fr.pc 0x0000000002339b00
Event: 3.402 Thread 0x000000000a5fb800 Uncommon trap -83 fr.pc 0x000000000237f42c
Event: 3.641 Thread 0x000000000a5fb800 Uncommon trap -83 fr.pc 0x0000000002355358
Event: 3.642 Thread 0x000000000a5fb800 Uncommon trap -83 fr.pc 0x000000000234d64c

Internal exceptions (10 events):
Event: 1.455 Thread 0x0000000001d9d800 Threw 0x00000000eb5d5dc0 at C:\jdk7u2_64p\jdk7u21\hotspot\src\share\vm\prims\jvm.cpp:1166
Event: 1.478 Thread 0x0000000001d9d800 Threw 0x00000000eb6300c0 at C:\jdk7u2_64p\jdk7u21\hotspot\src\share\vm\prims\jvm.cpp:1166
Event: 1.568 Thread 0x000000000a6c9000 Threw 0x00000000eb7bd8f0 at C:\jdk7u2_64p\jdk7u21\hotspot\src\share\vm\prims\jvm.cpp:1166
Event: 1.605 Thread 0x000000000a6c9000 Implicit null exception at 0x00000000022f9e59 to 0x00000000022fa1c5
Event: 1.829 Thread 0x000000000a5fb800 Threw 0x00000000ebf58918 at C:\jdk7u2_64p\jdk7u21\hotspot\src\share\vm\prims\jvm.cpp:1166
Event: 1.868 Thread 0x0000000001d9d800 Threw 0x00000000ec1f6888 at C:\jdk7u2_64p\jdk7u21\hotspot\src\share\vm\prims\jvm.cpp:1166
Event: 2.134 Thread 0x0000000001d9d800 Threw 0x00000000eabd9c80 at C:\jdk7u2_64p\jdk7u21\hotspot\src\share\vm\prims\jvm.cpp:1166
Event: 2.457 Thread 0x0000000001d9d800 Implicit null exception at 0x0000000002358517 to 0x0000000002358bed
Event: 2.786 Thread 0x000000000a5fb800 Implicit null exception at 0x0000000002338998 to 0x0000000002339ac9
Event: 3.642 Thread 0x000000000a5fb800 Threw 0x00000000ebb31268 at C:\jdk7u2_64p\jdk7u21\hotspot\src\share\vm\prims\jvm.cpp:1166

Events (10 events):
Event: 2.926 Executing VM operation: ParallelGCFailedAllocation
Event: 3.118 Executing VM operation: ParallelGCFailedAllocation done
Event: 3.402 Thread 0x000000000a5fb800 DEOPT PACKING pc=0x000000000237f42c sp=0x000000000af4ee80
Event: 3.402 Thread 0x000000000a5fb800 DEOPT UNPACKING pc=0x00000000022b9164 sp=0x000000000af4edb8 mode 2
Event: 3.641 Thread 0x000000000a5fb800 DEOPT PACKING pc=0x0000000002355358 sp=0x000000000af4eda0
Event: 3.641 Thread 0x000000000a5fb800 DEOPT UNPACKING pc=0x00000000022b9164 sp=0x000000000af4ed38 mode 2
Event: 3.641 loading class 0x000000000a660c40
Event: 3.641 loading class 0x000000000a660c40 done
Event: 3.642 Thread 0x000000000a5fb800 DEOPT PACKING pc=0x000000000234d64c sp=0x000000000af4ec50
Event: 3.642 Thread 0x000000000a5fb800 DEOPT UNPACKING pc=0x00000000022b9164 sp=0x000000000af4ebf8 mode 2


Dynamic libraries:
0x000000013f730000 - 0x000000013f763000 	C:\Program Files\Java\jdk1.7.0_21\bin\java.exe
0x00000000771e0000 - 0x0000000077389000 	C:\Windows\SYSTEM32\ntdll.dll
0x00000000770c0000 - 0x00000000771e0000 	C:\Windows\system32\kernel32.dll
0x000007fefd2d0000 - 0x000007fefd33c000 	C:\Windows\system32\KERNELBASE.dll
0x000007feff260000 - 0x000007feff33b000 	C:\Windows\system32\ADVAPI32.dll
0x000007fefeef0000 - 0x000007fefef8f000 	C:\Windows\system32\msvcrt.dll
0x000007feff4d0000 - 0x000007feff4ef000 	C:\Windows\SYSTEM32\sechost.dll
0x000007fefea80000 - 0x000007fefebad000 	C:\Windows\system32\RPCRT4.dll
0x0000000076fc0000 - 0x00000000770ba000 	C:\Windows\system32\USER32.dll
0x000007fefe5a0000 - 0x000007fefe607000 	C:\Windows\system32\GDI32.dll
0x000007fefefa0000 - 0x000007fefefae000 	C:\Windows\system32\LPK.dll
0x000007fefe430000 - 0x000007fefe4f9000 	C:\Windows\system32\USP10.dll
0x000007fefbf60000 - 0x000007fefc154000 	C:\Windows\WinSxS\amd64_microsoft.windows.common-controls_6595b64144ccf1df_6.0.7601.18837_none_fa3b1e3d17594757\COMCTL32.dll
0x000007fefed10000 - 0x000007fefed81000 	C:\Windows\system32\SHLWAPI.dll
0x000007fefd3a0000 - 0x000007fefd3ce000 	C:\Windows\system32\IMM32.DLL
0x000007fefede0000 - 0x000007fefeee9000 	C:\Windows\system32\MSCTF.dll
0x0000000059af0000 - 0x0000000059bc1000 	C:\Program Files\Java\jdk1.7.0_21\jre\bin\msvcr100.dll
0x0000000050390000 - 0x0000000050ab1000 	C:\Program Files\Java\jdk1.7.0_21\jre\bin\server\jvm.dll
0x000007fef7270000 - 0x000007fef7279000 	C:\Windows\system32\WSOCK32.dll
0x000007fefed90000 - 0x000007fefeddd000 	C:\Windows\system32\WS2_32.dll
0x000007fefef90000 - 0x000007fefef98000 	C:\Windows\system32\NSI.dll
0x000007fef9c20000 - 0x000007fef9c5b000 	C:\Windows\system32\WINMM.dll
0x00000000773b0000 - 0x00000000773b7000 	C:\Windows\system32\PSAPI.DLL
0x0000000074620000 - 0x000000007462f000 	C:\Program Files\Java\jdk1.7.0_21\jre\bin\verify.dll
0x0000000073ec0000 - 0x0000000073ee8000 	C:\Program Files\Java\jdk1.7.0_21\jre\bin\java.dll
0x00000000744a0000 - 0x00000000744b5000 	C:\Program Files\Java\jdk1.7.0_21\jre\bin\zip.dll
0x0000000073ea0000 - 0x0000000073eb9000 	C:\Program Files\Java\jdk1.7.0_21\jre\bin\net.dll
0x000007fefc720000 - 0x000007fefc775000 	C:\Windows\system32\mswsock.dll
0x000007fefc710000 - 0x000007fefc717000 	C:\Windows\System32\wship6.dll
0x0000000073e80000 - 0x0000000073e91000 	C:\Program Files\Java\jdk1.7.0_21\jre\bin\nio.dll

VM Arguments:
jvm_args: -Xmx1024M -Dfile.encoding=windows-1250 -Duser.country=US -Duser.language=en -Duser.variant 
java_command: com.android.dx.command.Main --dex --num-threads=4 --output E:\Android\AIR-DL\GitDiscountLocator\app\build\intermediates\pre-dexed\debug\internal_impl-23.1.0-479478d79a17165a919af54a5a6ad37dd9b8ae34.jar E:\Android\AIR-DL\GitDiscountLocator\app\build\intermediates\exploded-aar\com.android.support\support-v4\23.1.0\jars\libs\internal_impl-23.1.0.jar
Launcher Type: SUN_STANDARD

Environment Variables:
JAVA_HOME=C:\Program Files\Java\jdk1.7.0_21
PATH=E:\Perl\site\bin;E:\Perl\bin;E:\Dev\OpenCL\sdk2\AMD APP SDK\2.9-1\bin\x86_64;E:\Dev\OpenCL\sdk2\AMD APP SDK\2.9-1\bin\x86;C:\Program Files (x86)\AMD APP SDK\2.9-1\bin\x86_64;C:\Program Files (x86)\AMD APP SDK\2.9-1\bin\x86;C:\ProgramData\Oracle\Java\javapath;C:\Program Files\Common Files\Microsoft Shared\Windows Live;C:\Program Files (x86)\Common Files\Microsoft Shared\Windows Live;C:\Program Files\Broadcom\Broadcom 802.11 Network Adapter\Driver;C:\Windows\system32;C:\Windows;C:\Windows\System32\Wbem;C:\Windows\System32\WindowsPowerShell\v1.0\;C:\Program Files (x86)\Intel\OpenCL SDK\2.0\bin\x86;C:\Program Files (x86)\Intel\OpenCL SDK\2.0\bin\x64;C:\Program Files\Microsoft\Web Platform Installer\;C:\Program Files (x86)\Microsoft ASP.NET\ASP.NET Web Pages\v1.0\;C:\Program Files\Microsoft SQL Server\110\Tools\Binn\;C:\Program Files (x86)\Graphviz2.30\bin;C:\Program Files\ThinkPad\Bluetooth Software\;C:\Program Files\ThinkPad\Bluetooth Software\syswow64;C:\Program Files\TortoiseSVN\bin;C:\Program Files (x86)\Windows Live\Shared;E:\Dev\Grails\grails-2.2.4\bin;C:\Windows\twain_32\CNQL60;E:\ATT\Graphviz\bin;E:\ATT\Graphviz\bin\tools;C:\Program Files (x86)\Calibre2\;C:\Program Files (x86)\AMD APP SDK\3.0-0-Beta\bin\x86_64;C:\Program Files (x86)\AMD APP SDK\3.0-0-Beta\bin\x86;C:\Program Files (x86)\Windows Kits\8.1\Windows Performance Toolkit\;E:\Dev\OpenCV\opencv\build\x64\vc12\bin;C:\Program Files (x86)\Microsoft SQL Server\100\Tools\Binn\VSShell\Common7\IDE\;C:\Program Files (x86)\Microsoft SQL Server\100\Tools\Binn\;C:\Program Files\Microsoft SQL Server\100\Tools\Binn\;C:\Program Files (x86)\Microsoft SQL Server\100\DTS\Binn\;C:\Program Files (x86)\Common Files\lenovo\easyplussdk\bin;C:\Program Files\MiKTeX 2.9\miktex\bin\x64\;C:\Program Files (x86)\Skype\Phone\;E:\Anaconda3;E:\Anaconda3\Scripts;E:\ADA\bin;C:\Program Files (x86)\SSH Communications Security\SSH Secure Shell;C:\Program Files\Java\jdk1.7.0_21\jre\bin
USERNAME=ivan
OS=Windows_NT
PROCESSOR_IDENTIFIER=Intel64 Family 6 Model 58 Stepping 9, GenuineIntel



---------------  S Y S T E M  ---------------

OS: Windows 7 , 64 bit Build 7601 Service Pack 1

CPU:total 4 (2 cores per cpu, 2 threads per core) family 6 model 58 stepping 9, cmov, cx8, fxsr, mmx, sse, sse2, sse3, ssse3, sse4.1, sse4.2, popcnt, avx, ht, tsc, tscinvbit, tscinv

Memory: 4k page, physical 7954296k(965472k free), swap 8553488k(5492k free)

vm_info: Java HotSpot(TM) 64-Bit Server VM (23.21-b01) for windows-amd64 JRE (1.7.0_21-b11), built on Apr  4 2013 08:11:28 by "java_re" with unknown MS VC++:1600

time: Mon Nov 16 14:25:11 2015
elapsed time: 3 seconds

