#
# A fatal error has been detected by the Java Runtime Environment:
#
#  EXCEPTION_ACCESS_VIOLATION (0xc0000005) at pc=0x000000005053f0b7, pid=8028, tid=8828
#
# JRE version: 7.0_21-b11
# Java VM: Java HotSpot(TM) 64-Bit Server VM (23.21-b01 mixed mode windows-amd64 compressed oops)
# Problematic frame:
# V  [jvm.dll+0x1af0b7]
#
# Failed to write core dump. Minidumps are not enabled by default on client versions of Windows
#
# If you would like to submit a bug report, please visit:
#   http://bugreport.sun.com/bugreport/crash.jsp
#

---------------  T H R E A D  ---------------

Current thread (0x0000000001e40000):  JavaThread "Reference Handler" daemon [_thread_in_vm, id=8828, stack(0x0000000009a60000,0x0000000009b60000)]

siginfo: ExceptionCode=0xc0000005, writing address 0x0000000009b5a800

Registers:
RAX=0x0000000009b5a800, RBX=0x0000000000000006, RCX=0x0000000000005000, RDX=0x0000000009a69198
RSP=0x0000000009b5f800, RBP=0x0000000000000000, RSI=0x0000000009b5f800, RDI=0x0000000000000006
R8 =0x0000000000000009, R9 =0x0000000001e40000, R10=0x0000000009b5fa40, R11=0x0000000009b5fb20
R12=0x0000000009b5fb20, R13=0x0000000009b5f948, R14=0x0000000009b5fa50, R15=0x00000000020d0880
RIP=0x000000005053f0b7, EFLAGS=0x0000000000010206

Top of Stack: (sp=0x0000000009b5f800)
0x0000000009b5f800:   0000000008863b70 0000000001e41048
0x0000000009b5f810:   0000000000000000 0000000001ea0000
0x0000000009b5f820:   0000000000000000 000000005053fbf7
0x0000000009b5f830:   00000000bae38800 0000000008863b70
0x0000000009b5f840:   0000000001e40000 0000000001e40000
0x0000000009b5f850:   0000000000000000 0000000000000014
0x0000000009b5f860:   0000000000000019 0000000000000000
0x0000000009b5f870:   0000000000000000 000000005041107b
0x0000000009b5f880:   01ea000100000000 0000000000000001
0x0000000009b5f890:   0000000001e41040 0000000001e41050
0x0000000009b5f8a0:   0000000008863b70 0000000000000008
0x0000000009b5f8b0:   0000000001e40000 0000000000000014
0x0000000009b5f8c0:   0000000009b5fa50 0000000001e40000
0x0000000009b5f8d0:   00000000baecd680 00000000bae38800
0x0000000009b5f8e0:   0000000001dd9080 0000000009b5fb20
0x0000000009b5f8f0:   0000000000000000 0000000009b5fa50 

Instructions: (pc=0x000000005053f0b7)
0x000000005053f097:   48 89 6c 24 30 33 ed 66 90 e8 eb 3d 06 00 ff c3
0x000000005053f0a7:   48 63 c8 48 8b c6 48 0f af cf 48 ff c7 48 2b c1
0x000000005053f0b7:   89 28 48 63 c3 48 3b 05 3d 23 4b 00 7e db 48 8b
0x000000005053f0c7:   6c 24 30 48 8b 5c 24 38 48 8b 74 24 40 48 83 c4 


Register to memory mapping:

RAX=0x0000000009b5a800 is pointing into the stack for thread: 0x0000000001e40000
RBX=0x0000000000000006 is an unknown value
RCX=0x0000000000005000 is an unknown value
RDX=0x0000000009a69198 is pointing into the stack for thread: 0x0000000001e40000
RSP=0x0000000009b5f800 is pointing into the stack for thread: 0x0000000001e40000
RBP=0x0000000000000000 is an unknown value
RSI=0x0000000009b5f800 is pointing into the stack for thread: 0x0000000001e40000
RDI=0x0000000000000006 is an unknown value
R8 =0x0000000000000009 is an unknown value
R9 =0x0000000001e40000 is a thread
R10=0x0000000009b5fa40 is pointing into the stack for thread: 0x0000000001e40000
R11=0x0000000009b5fb20 is pointing into the stack for thread: 0x0000000001e40000
R12=0x0000000009b5fb20 is pointing into the stack for thread: 0x0000000001e40000
R13=0x0000000009b5f948 is pointing into the stack for thread: 0x0000000001e40000
R14=0x0000000009b5fa50 is pointing into the stack for thread: 0x0000000001e40000
R15=0x00000000020d0880 is an Interpreter codelet
method entry point (kind = zerolocals)  [0x00000000020d0880, 0x00000000020d0b80]  768 bytes


Stack: [0x0000000009a60000,0x0000000009b60000],  sp=0x0000000009b5f800,  free space=1022k
Native frames: (J=compiled Java code, j=interpreted, Vv=VM code, C=native code)
V  [jvm.dll+0x1af0b7]

[error occurred during error reporting (printing native stack), id 0xc0000005]


